<?xml version="1.0" encoding="UTF-8"?>
<testsuite xmlns:xsi="http://www.w3.org/2001/XMLSchema-instance" xsi:noNamespaceSchemaLocation="https://maven.apache.org/surefire/maven-surefire-plugin/xsd/surefire-test-report.xsd" name="cn.org.sqx.mall.product.webapi.mapper.CategoryMapperTests" time="0.189" tests="3" errors="0" skipped="0" failures="1">
  <properties>
[...]
</properties>
  <testcase name="testGetByNameFailBecauseNotFound" classname="cn.org.sqx.mall.product.webapi.mapper.CategoryMapperTests" time="0.112"/>
  <testcase name="testInsert" classname="cn.org.sqx.mall.product.webapi.mapper.CategoryMapperTests" time="0.033"/>
  <testcase name="testGetByNameSuccessfully" classname="cn.org.sqx.mall.product.webapi.mapper.CategoryMapperTests" time="0.036">
    <failure message="Unexpected exception thrown: org.opentest4j.AssertionFailedError: expected: not &lt;null&gt;" type="org.opentest4j.AssertionFailedError"><![CDATA[org.opentest4j.AssertionFailedError: Unexpected exception thrown: org.opentest4j.AssertionFailedError: expected: not <null>
	at cn.org.sqx.mall.product.webapi.mapper.CategoryMapperTests.testGetByNameSuccessfully(CategoryMapperTests.java:43)
Caused by: org.opentest4j.AssertionFailedError: expected: not <null>
	at cn.org.sqx.mall.product.webapi.mapper.CategoryMapperTests.lambda$testGetByNameSuccessfully$1(CategoryMapperTests.java:47)
	at cn.org.sqx.mall.product.webapi.mapper.CategoryMapperTests.testGetByNameSuccessfully(CategoryMapperTests.java:43)
]]></failure>
    <system-out><![CDATA[2022-09-12 19:27:17.450 DEBUG 1568 --- [           main] c.o.s.m.p.w.m.CategoryMapper.getByName   : ==>  Preparing: select id from pms_category where name=?;
2022-09-12 19:27:17.450 DEBUG 1568 --- [           main] c.o.s.m.p.w.m.CategoryMapper.getByName   : ==> Parameters: 类别001(String)
2022-09-12 19:27:17.451 DEBUG 1568 --- [           main] c.o.s.m.p.w.m.CategoryMapper.getByName   : <==      Total: 0
]]></system-out>
  </testcase>
</testsuite>