<?xml version="1.0" encoding="UTF-8"?>
<testsuite xmlns:xsi="http://www.w3.org/2001/XMLSchema-instance" xsi:noNamespaceSchemaLocation="https://maven.apache.org/surefire/maven-surefire-plugin/xsd/surefire-test-report.xsd" name="cn.org.sqx.mall.product.webapi.MallProductWebapiApplicationTests" time="3.53" tests="2" errors="0" skipped="0" failures="0">
  <properties>
[...]
</properties>
  <testcase name="testConnection" classname="cn.org.sqx.mall.product.webapi.MallProductWebapiApplicationTests" time="1.512"/>
  <testcase name="contextLoads" classname="cn.org.sqx.mall.product.webapi.MallProductWebapiApplicationTests" time="0.002"/>
</testsuite>